<?xml version="1.0" encoding="UTF-8"?>
<testsuite xmlns:xsi="http://www.w3.org/2001/XMLSchema-instance" xsi:noNamespaceSchemaLocation="https://maven.apache.org/surefire/maven-surefire-plugin/xsd/surefire-test-report.xsd" version="3.0.2" name="com.bankmanagement.service.TransactionServiceTest" time="0.161" tests="7" errors="0" skipped="0" failures="0">
  <properties>
[...]
</properties>
  <testcase name="testDeposit_Success" classname="com.bankmanagement.service.TransactionServiceTest" time="0.104"/>
  <testcase name="testDeposit_InvalidAmount" classname="com.bankmanagement.service.TransactionServiceTest" time="0.005"/>
  <testcase name="testTransfer_Success" classname="com.bankmanagement.service.TransactionServiceTest" time="0.018"/>
  <testcase name="testWithdraw_Success" classname="com.bankmanagement.service.TransactionServiceTest" time="0.003"/>
  <testcase name="testWithdraw_InsufficientBalance_Savings" classname="com.bankmanagement.service.TransactionServiceTest" time="0.005"/>
  <testcase name="testTransfer_RollbackOnFailure" classname="com.bankmanagement.service.TransactionServiceTest" time="0.003"/>
  <testcase name="testWithdraw_Success_Overdraft_Current" classname="com.bankmanagement.service.TransactionServiceTest" time="0.002"/>
</testsuite>